<?xml version="1.0" encoding="UTF-8"?>
<testsuite xmlns:xsi="http://www.w3.org/2001/XMLSchema-instance" xsi:noNamespaceSchemaLocation="https://maven.apache.org/surefire/maven-surefire-plugin/xsd/surefire-test-report-3.0.xsd" version="3.0" name="fr.univlyon1.flightmaster.lib.IOServiceTests" time="0.139" tests="5" errors="0" skipped="0" failures="0">
  <properties>
[...]
</properties>
  <testcase name="testLoadFlights" classname="fr.univlyon1.flightmaster.lib.IOServiceTests" time="0.008"/>
  <testcase name="testGraphColoringExport(Path)" classname="fr.univlyon1.flightmaster.lib.IOServiceTests" time="0.102"/>
  <testcase name="testExportConflicts(Path)" classname="fr.univlyon1.flightmaster.lib.IOServiceTests" time="0.012"/>
  <testcase name="testLoadAirports" classname="fr.univlyon1.flightmaster.lib.IOServiceTests" time="0.006"/>
  <testcase name="testLoadGraph" classname="fr.univlyon1.flightmaster.lib.IOServiceTests" time="0.005"/>
</testsuite>